<?xml version="1.0" encoding="UTF-8"?>
<coverage generated="1756137387530" clover="3.2.0">
  <project timestamp="1756137387530" name="All files">
    <metrics statements="43" coveredstatements="43" conditionals="32" coveredconditionals="31" methods="12" coveredmethods="12" elements="87" coveredelements="86" complexity="0" loc="43" ncloc="43" packages="2" files="4" classes="4"/>
    <package name="content">
      <metrics statements="29" coveredstatements="29" conditionals="24" coveredconditionals="23" methods="5" coveredmethods="5"/>
      <file name="highlight.js" path="C:\Users\jrd20\Github repositories\Quick-notes-extension\src\content\highlight.js">
        <metrics statements="8" coveredstatements="8" conditionals="6" coveredconditionals="5" methods="1" coveredmethods="1"/>
        <line num="4" count="4" type="stmt"/>
        <line num="5" count="4" type="cond" truecount="1" falsecount="1"/>
        <line num="6" count="4" type="stmt"/>
        <line num="7" count="4" type="cond" truecount="2" falsecount="0"/>
        <line num="8" count="4" type="cond" truecount="2" falsecount="0"/>
        <line num="9" count="2" type="stmt"/>
        <line num="10" count="4" type="stmt"/>
        <line num="13" count="1" type="stmt"/>
      </file>
      <file name="inlineStyle.js" path="C:\Users\jrd20\Github repositories\Quick-notes-extension\src\content\inlineStyle.js">
        <metrics statements="21" coveredstatements="21" conditionals="18" coveredconditionals="18" methods="4" coveredmethods="4"/>
        <line num="6" count="8" type="stmt"/>
        <line num="7" count="8" type="cond" truecount="5" falsecount="0"/>
        <line num="9" count="7" type="stmt"/>
        <line num="10" count="13" type="cond" truecount="5" falsecount="0"/>
        <line num="11" count="2" type="stmt"/>
        <line num="13" count="11" type="stmt"/>
        <line num="16" count="7" type="stmt"/>
        <line num="23" count="6" type="stmt"/>
        <line num="24" count="6" type="cond" truecount="2" falsecount="0"/>
        <line num="26" count="5" type="stmt"/>
        <line num="27" count="5" type="stmt"/>
        <line num="29" count="5" type="cond" truecount="4" falsecount="0"/>
        <line num="30" count="2" type="cond" truecount="2" falsecount="0"/>
        <line num="31" count="1" type="stmt"/>
        <line num="32" count="1" type="stmt"/>
        <line num="34" count="1" type="stmt"/>
        <line num="35" count="1" type="stmt"/>
        <line num="38" count="3" type="stmt"/>
        <line num="39" count="3" type="stmt"/>
        <line num="45" count="20" type="stmt"/>
        <line num="48" count="1" type="stmt"/>
      </file>
    </package>
    <package name="core">
      <metrics statements="14" coveredstatements="14" conditionals="8" coveredconditionals="8" methods="7" coveredmethods="7"/>
      <file name="notes.js" path="C:\Users\jrd20\Github repositories\Quick-notes-extension\src\core\notes.js">
        <metrics statements="9" coveredstatements="9" conditionals="6" coveredconditionals="6" methods="5" coveredmethods="5"/>
        <line num="2" count="24" type="stmt"/>
        <line num="6" count="6" type="stmt"/>
        <line num="7" count="6" type="cond" truecount="2" falsecount="0"/>
        <line num="8" count="8" type="stmt"/>
        <line num="12" count="1" type="stmt"/>
        <line num="16" count="2" type="cond" truecount="2" falsecount="0"/>
        <line num="17" count="1" type="stmt"/>
        <line num="18" count="1" type="stmt"/>
        <line num="21" count="2" type="stmt"/>
      </file>
      <file name="search.js" path="C:\Users\jrd20\Github repositories\Quick-notes-extension\src\core\search.js">
        <metrics statements="5" coveredstatements="5" conditionals="2" coveredconditionals="2" methods="2" coveredmethods="2"/>
        <line num="1" count="1" type="stmt"/>
        <line num="4" count="3" type="stmt"/>
        <line num="5" count="3" type="cond" truecount="2" falsecount="0"/>
        <line num="6" count="6" type="stmt"/>
        <line num="9" count="1" type="stmt"/>
      </file>
    </package>
  </project>
</coverage>
