{"C:\\Users\\jrd20\\Github repositories\\Quick-notes-extension\\src\\content\\highlight.js": {"path":"C:\\Users\\jrd20\\Github repositories\\Quick-notes-extension\\src\\content\\highlight.js","statementMap":{"0":{"start":{"line":4,"column":15},"end":{"line":4,"column":47}},"1":{"start":{"line":5,"column":4},"end":{"line":5,"column":26}},"2":{"start":{"line":5,"column":13},"end":{"line":5,"column":26}},"3":{"start":{"line":6,"column":16},"end":{"line":6,"column":30}},"4":{"start":{"line":7,"column":17},"end":{"line":7,"column":83}},"5":{"start":{"line":8,"column":4},"end":{"line":9,"column":34}},"6":{"start":{"line":8,"column":14},"end":{"line":8,"column":36}},"7":{"start":{"line":9,"column":9},"end":{"line":9,"column":34}},"8":{"start":{"line":10,"column":4},"end":{"line":10,"column":16}},"9":{"start":{"line":13,"column":0},"end":{"line":13,"column":37}}},"fnMap":{"0":{"name":"toggleHighlight","decl":{"start":{"line":3,"column":9},"end":{"line":3,"column":24}},"loc":{"start":{"line":3,"column":41},"end":{"line":11,"column":1}},"line":3}},"branchMap":{"0":{"loc":{"start":{"line":5,"column":4},"end":{"line":5,"column":26}},"type":"if","locations":[{"start":{"line":5,"column":4},"end":{"line":5,"column":26}},{"start":{},"end":{}}],"line":5},"1":{"loc":{"start":{"line":7,"column":17},"end":{"line":7,"column":83}},"type":"cond-expr","locations":[{"start":{"line":7,"column":48},"end":{"line":7,"column":53}},{"start":{"line":7,"column":56},"end":{"line":7,"column":83}}],"line":7},"2":{"loc":{"start":{"line":8,"column":4},"end":{"line":9,"column":34}},"type":"if","locations":[{"start":{"line":8,"column":4},"end":{"line":9,"column":34}},{"start":{"line":9,"column":9},"end":{"line":9,"column":34}}],"line":8}},"s":{"0":4,"1":4,"2":0,"3":4,"4":4,"5":4,"6":2,"7":2,"8":4,"9":1},"f":{"0":4},"b":{"0":[0,4],"1":[2,2],"2":[2,2]},"_coverageSchema":"1a1c01bbd47fc00a2c39e90264f33305004495a9","hash":"35f69a3593833857cf9b015a439dd9b64c4b0133"}
,"C:\\Users\\jrd20\\Github repositories\\Quick-notes-extension\\src\\content\\inlineStyle.js": {"path":"C:\\Users\\jrd20\\Github repositories\\Quick-notes-extension\\src\\content\\inlineStyle.js","statementMap":{"0":{"start":{"line":6,"column":15},"end":{"line":6,"column":47}},"1":{"start":{"line":7,"column":4},"end":{"line":7,"column":67}},"2":{"start":{"line":7,"column":54},"end":{"line":7,"column":67}},"3":{"start":{"line":9,"column":4},"end":{"line":15,"column":5}},"4":{"start":{"line":10,"column":8},"end":{"line":14,"column":9}},"5":{"start":{"line":11,"column":8},"end":{"line":11,"column":44}},"6":{"start":{"line":13,"column":8},"end":{"line":13,"column":52}},"7":{"start":{"line":16,"column":4},"end":{"line":16,"column":16}},"8":{"start":{"line":23,"column":15},"end":{"line":23,"column":47}},"9":{"start":{"line":24,"column":4},"end":{"line":24,"column":25}},"10":{"start":{"line":24,"column":13},"end":{"line":24,"column":25}},"11":{"start":{"line":26,"column":18},"end":{"line":26,"column":31}},"12":{"start":{"line":27,"column":20},"end":{"line":27,"column":52}},"13":{"start":{"line":29,"column":4},"end":{"line":40,"column":5}},"14":{"start":{"line":30,"column":8},"end":{"line":36,"column":9}},"15":{"start":{"line":31,"column":8},"end":{"line":31,"column":39}},"16":{"start":{"line":32,"column":8},"end":{"line":32,"column":18}},"17":{"start":{"line":34,"column":8},"end":{"line":34,"column":54}},"18":{"start":{"line":35,"column":8},"end":{"line":35,"column":32}},"19":{"start":{"line":38,"column":8},"end":{"line":38,"column":53}},"20":{"start":{"line":39,"column":8},"end":{"line":39,"column":31}},"21":{"start":{"line":45,"column":4},"end":{"line":45,"column":62}},"22":{"start":{"line":45,"column":39},"end":{"line":45,"column":60}},"23":{"start":{"line":48,"column":0},"end":{"line":48,"column":65}}},"fnMap":{"0":{"name":"setInlineStyles","decl":{"start":{"line":5,"column":9},"end":{"line":5,"column":24}},"loc":{"start":{"line":5,"column":42},"end":{"line":17,"column":1}},"line":5},"1":{"name":"toggleInlineStyle","decl":{"start":{"line":22,"column":9},"end":{"line":22,"column":26}},"loc":{"start":{"line":22,"column":61},"end":{"line":41,"column":1}},"line":22},"2":{"name":"toKebab","decl":{"start":{"line":44,"column":9},"end":{"line":44,"column":16}},"loc":{"start":{"line":44,"column":23},"end":{"line":46,"column":1}},"line":44},"3":{"name":"(anonymous_3)","decl":{"start":{"line":45,"column":34},"end":{"line":45,"column":35}},"loc":{"start":{"line":45,"column":39},"end":{"line":45,"column":60}},"line":45}},"branchMap":{"0":{"loc":{"start":{"line":7,"column":4},"end":{"line":7,"column":67}},"type":"if","locations":[{"start":{"line":7,"column":4},"end":{"line":7,"column":67}},{"start":{},"end":{}}],"line":7},"1":{"loc":{"start":{"line":7,"column":8},"end":{"line":7,"column":52}},"type":"binary-expr","locations":[{"start":{"line":7,"column":8},"end":{"line":7,"column":11}},{"start":{"line":7,"column":15},"end":{"line":7,"column":22}},{"start":{"line":7,"column":26},"end":{"line":7,"column":52}}],"line":7},"2":{"loc":{"start":{"line":10,"column":8},"end":{"line":14,"column":9}},"type":"if","locations":[{"start":{"line":10,"column":8},"end":{"line":14,"column":9}},{"start":{"line":12,"column":15},"end":{"line":14,"column":9}}],"line":10},"3":{"loc":{"start":{"line":10,"column":12},"end":{"line":10,"column":53}},"type":"binary-expr","locations":[{"start":{"line":10,"column":12},"end":{"line":10,"column":22}},{"start":{"line":10,"column":26},"end":{"line":10,"column":41}},{"start":{"line":10,"column":45},"end":{"line":10,"column":53}}],"line":10},"4":{"loc":{"start":{"line":24,"column":4},"end":{"line":24,"column":25}},"type":"if","locations":[{"start":{"line":24,"column":4},"end":{"line":24,"column":25}},{"start":{},"end":{}}],"line":24},"5":{"loc":{"start":{"line":29,"column":4},"end":{"line":40,"column":5}},"type":"if","locations":[{"start":{"line":29,"column":4},"end":{"line":40,"column":5}},{"start":{"line":37,"column":11},"end":{"line":40,"column":5}}],"line":29},"6":{"loc":{"start":{"line":29,"column":8},"end":{"line":29,"column":53}},"type":"binary-expr","locations":[{"start":{"line":29,"column":8},"end":{"line":29,"column":15}},{"start":{"line":29,"column":19},"end":{"line":29,"column":53}}],"line":29},"7":{"loc":{"start":{"line":30,"column":8},"end":{"line":36,"column":9}},"type":"if","locations":[{"start":{"line":30,"column":8},"end":{"line":36,"column":9}},{"start":{"line":33,"column":15},"end":{"line":36,"column":9}}],"line":30}},"s":{"0":8,"1":8,"2":1,"3":7,"4":13,"5":2,"6":11,"7":7,"8":6,"9":6,"10":1,"11":5,"12":5,"13":5,"14":2,"15":1,"16":1,"17":1,"18":1,"19":3,"20":3,"21":20,"22":20,"23":1},"f":{"0":8,"1":6,"2":20,"3":20},"b":{"0":[1,7],"1":[8,7,7],"2":[2,11],"3":[13,12,12],"4":[1,5],"5":[2,3],"6":[5,3],"7":[1,1]},"_coverageSchema":"1a1c01bbd47fc00a2c39e90264f33305004495a9","hash":"fb6641ab9ccf481dfb1e552844287aad9e4b5663"}
,"C:\\Users\\jrd20\\Github repositories\\Quick-notes-extension\\src\\core\\notes.js": {"path":"C:\\Users\\jrd20\\Github repositories\\Quick-notes-extension\\src\\core\\notes.js","statementMap":{"0":{"start":{"line":2,"column":4},"end":{"line":2,"column":49}},"1":{"start":{"line":6,"column":14},"end":{"line":6,"column":56}},"2":{"start":{"line":7,"column":4},"end":{"line":7,"column":43}},"3":{"start":{"line":7,"column":30},"end":{"line":7,"column":43}},"4":{"start":{"line":8,"column":4},"end":{"line":8,"column":73}},"5":{"start":{"line":8,"column":30},"end":{"line":8,"column":71}},"6":{"start":{"line":12,"column":4},"end":{"line":12,"column":84}},"7":{"start":{"line":16,"column":4},"end":{"line":16,"column":56}},"8":{"start":{"line":16,"column":40},"end":{"line":16,"column":56}},"9":{"start":{"line":17,"column":17},"end":{"line":17,"column":75}},"10":{"start":{"line":18,"column":4},"end":{"line":18,"column":31}},"11":{"start":{"line":21,"column":0},"end":{"line":21,"column":60}}},"fnMap":{"0":{"name":"normalizeText","decl":{"start":{"line":1,"column":9},"end":{"line":1,"column":22}},"loc":{"start":{"line":1,"column":26},"end":{"line":3,"column":1}},"line":1},"1":{"name":"wouldDuplicate","decl":{"start":{"line":5,"column":9},"end":{"line":5,"column":23}},"loc":{"start":{"line":5,"column":64},"end":{"line":9,"column":1}},"line":5},"2":{"name":"(anonymous_2)","decl":{"start":{"line":8,"column":25},"end":{"line":8,"column":26}},"loc":{"start":{"line":8,"column":30},"end":{"line":8,"column":71}},"line":8},"3":{"name":"uid","decl":{"start":{"line":11,"column":9},"end":{"line":11,"column":12}},"loc":{"start":{"line":11,"column":15},"end":{"line":13,"column":1}},"line":11},"4":{"name":"addNote","decl":{"start":{"line":15,"column":9},"end":{"line":15,"column":16}},"loc":{"start":{"line":15,"column":49},"end":{"line":19,"column":1}},"line":15}},"branchMap":{"0":{"loc":{"start":{"line":5,"column":49},"end":{"line":5,"column":62}},"type":"default-arg","locations":[{"start":{"line":5,"column":61},"end":{"line":5,"column":62}}],"line":5},"1":{"loc":{"start":{"line":7,"column":4},"end":{"line":7,"column":43}},"type":"if","locations":[{"start":{"line":7,"column":4},"end":{"line":7,"column":43}},{"start":{},"end":{}}],"line":7},"2":{"loc":{"start":{"line":15,"column":33},"end":{"line":15,"column":47}},"type":"default-arg","locations":[{"start":{"line":15,"column":39},"end":{"line":15,"column":47}}],"line":15},"3":{"loc":{"start":{"line":16,"column":4},"end":{"line":16,"column":56}},"type":"if","locations":[{"start":{"line":16,"column":4},"end":{"line":16,"column":56}},{"start":{},"end":{}}],"line":16}},"s":{"0":24,"1":6,"2":6,"3":1,"4":5,"5":8,"6":1,"7":2,"8":1,"9":1,"10":1,"11":2},"f":{"0":24,"1":6,"2":8,"3":1,"4":2},"b":{"0":[5],"1":[1,5],"2":[2],"3":[1,1]},"_coverageSchema":"1a1c01bbd47fc00a2c39e90264f33305004495a9","hash":"315abcdc2f4791d139285c48ad798405531ae45f"}
,"C:\\Users\\jrd20\\Github repositories\\Quick-notes-extension\\src\\core\\search.js": {"path":"C:\\Users\\jrd20\\Github repositories\\Quick-notes-extension\\src\\core\\search.js","statementMap":{"0":{"start":{"line":1,"column":26},"end":{"line":1,"column":44}},"1":{"start":{"line":4,"column":14},"end":{"line":4,"column":48}},"2":{"start":{"line":5,"column":4},"end":{"line":5,"column":25}},"3":{"start":{"line":5,"column":12},"end":{"line":5,"column":25}},"4":{"start":{"line":6,"column":4},"end":{"line":6,"column":78}},"5":{"start":{"line":6,"column":29},"end":{"line":6,"column":76}},"6":{"start":{"line":9,"column":0},"end":{"line":9,"column":33}}},"fnMap":{"0":{"name":"filterNotes","decl":{"start":{"line":3,"column":9},"end":{"line":3,"column":20}},"loc":{"start":{"line":3,"column":35},"end":{"line":7,"column":1}},"line":3},"1":{"name":"(anonymous_1)","decl":{"start":{"line":6,"column":24},"end":{"line":6,"column":25}},"loc":{"start":{"line":6,"column":29},"end":{"line":6,"column":76}},"line":6}},"branchMap":{"0":{"loc":{"start":{"line":5,"column":4},"end":{"line":5,"column":25}},"type":"if","locations":[{"start":{"line":5,"column":4},"end":{"line":5,"column":25}},{"start":{},"end":{}}],"line":5}},"s":{"0":1,"1":3,"2":3,"3":1,"4":2,"5":6,"6":1},"f":{"0":3,"1":6},"b":{"0":[1,2]},"_coverageSchema":"1a1c01bbd47fc00a2c39e90264f33305004495a9","hash":"fc3b46ab92789b1104dd27ecbab6711a49c3cc6e"}
}
