TN:
SF:src\content\highlight.js
FN:3,toggleHighlight
FNF:1
FNH:1
FNDA:4,toggleHighlight
DA:4,4
DA:5,4
DA:6,4
DA:7,4
DA:8,4
DA:9,2
DA:10,4
DA:13,1
LF:8
LH:8
BRDA:5,0,0,0
BRDA:5,0,1,4
BRDA:7,1,0,2
BRDA:7,1,1,2
BRDA:8,2,0,2
BRDA:8,2,1,2
BRF:6
BRH:5
end_of_record
TN:
SF:src\content\inlineStyle.js
FN:5,setInlineStyles
FN:22,toggleInlineStyle
FN:44,toKebab
FN:45,(anonymous_3)
FNF:4
FNH:4
FNDA:8,setInlineStyles
FNDA:6,toggleInlineStyle
FNDA:20,toKebab
FNDA:20,(anonymous_3)
DA:6,8
DA:7,8
DA:9,7
DA:10,13
DA:11,2
DA:13,11
DA:16,7
DA:23,6
DA:24,6
DA:26,5
DA:27,5
DA:29,5
DA:30,2
DA:31,1
DA:32,1
DA:34,1
DA:35,1
DA:38,3
DA:39,3
DA:45,20
DA:48,1
LF:21
LH:21
BRDA:7,0,0,1
BRDA:7,0,1,7
BRDA:7,1,0,8
BRDA:7,1,1,7
BRDA:7,1,2,7
BRDA:10,2,0,2
BRDA:10,2,1,11
BRDA:10,3,0,13
BRDA:10,3,1,12
BRDA:10,3,2,12
BRDA:24,4,0,1
BRDA:24,4,1,5
BRDA:29,5,0,2
BRDA:29,5,1,3
BRDA:29,6,0,5
BRDA:29,6,1,3
BRDA:30,7,0,1
BRDA:30,7,1,1
BRF:18
BRH:18
end_of_record
TN:
SF:src\core\notes.js
FN:1,normalizeText
FN:5,wouldDuplicate
FN:8,(anonymous_2)
FN:11,uid
FN:15,addNote
FNF:5
FNH:5
FNDA:24,normalizeText
FNDA:6,wouldDuplicate
FNDA:8,(anonymous_2)
FNDA:1,uid
FNDA:2,addNote
DA:2,24
DA:6,6
DA:7,6
DA:8,8
DA:12,1
DA:16,2
DA:17,1
DA:18,1
DA:21,2
LF:9
LH:9
BRDA:5,0,0,5
BRDA:7,1,0,1
BRDA:7,1,1,5
BRDA:15,2,0,2
BRDA:16,3,0,1
BRDA:16,3,1,1
BRF:6
BRH:6
end_of_record
TN:
SF:src\core\search.js
FN:3,filterNotes
FN:6,(anonymous_1)
FNF:2
FNH:2
FNDA:3,filterNotes
FNDA:6,(anonymous_1)
DA:1,1
DA:4,3
DA:5,3
DA:6,6
DA:9,1
LF:5
LH:5
BRDA:5,0,0,1
BRDA:5,0,1,2
BRF:2
BRH:2
end_of_record
